[debug] [2020-02-21T14:17:38.785Z] ----------------------------------------------------------------------
[debug] [2020-02-21T14:17:38.791Z] Command:       /usr/bin/node /usr/bin/firebase serve --only functions
[debug] [2020-02-21T14:17:38.791Z] CLI Version:   7.12.1
[debug] [2020-02-21T14:17:38.792Z] Platform:      linux
[debug] [2020-02-21T14:17:38.792Z] Node Version:  v12.15.0
[debug] [2020-02-21T14:17:38.793Z] Time:          Fri Feb 21 2020 21:17:38 GMT+0700 (Indochina Time)
[debug] [2020-02-21T14:17:38.793Z] ----------------------------------------------------------------------
[debug] [2020-02-21T14:17:38.793Z] 
[debug] [2020-02-21T14:17:38.824Z] > command requires scopes: ["email","openid","https://www.googleapis.com/auth/cloudplatformprojects.readonly","https://www.googleapis.com/auth/firebase","https://www.googleapis.com/auth/cloud-platform"]
[debug] [2020-02-21T14:17:38.825Z] > authorizing via signed-in user
[debug] [2020-02-21T14:17:38.825Z] [iam] checking project streak-stat for permissions ["firebase.projects.get"]
[debug] [2020-02-21T14:17:38.830Z] > refreshing access token with scopes: ["email","https://www.googleapis.com/auth/cloud-platform","https://www.googleapis.com/auth/cloudplatformprojects.readonly","https://www.googleapis.com/auth/firebase","openid"]
[debug] [2020-02-21T14:17:38.830Z] >>> HTTP REQUEST POST https://www.googleapis.com/oauth2/v3/token  
 <request body omitted>
[debug] [2020-02-21T14:17:39.145Z] <<< HTTP RESPONSE 200
[debug] [2020-02-21T14:17:39.173Z] >>> HTTP REQUEST POST https://cloudresourcemanager.googleapis.com/v1/projects/streak-stat:testIamPermissions  

[debug] [2020-02-21T14:17:40.474Z] <<< HTTP RESPONSE 200
[debug] [2020-02-21T14:17:40.478Z] >>> HTTP REQUEST GET https://firebase.googleapis.com/v1beta1/projects/streak-stat  
 
[debug] [2020-02-21T14:17:41.392Z] <<< HTTP RESPONSE 200
[warn] ⚠  Your requested "node" version "8" doesn't match your global version "12"
[info] ✔  functions: Emulator started at http://localhost:5000
[info] i  functions: Watching "/home/trinhhd/Projects/streak-stat/functions" for Cloud Functions...
[debug] [2020-02-21T14:17:41.730Z] [worker-pool] addWorker(~diagnostic~)
[debug] [2020-02-21T14:17:41.731Z] [worker-pool] Adding worker with key ~diagnostic~, total=1
[debug] [2020-02-21T14:17:41.732Z] [worker-pool] submitWork(triggerId=)
[debug] [2020-02-21T14:17:41.734Z] [worker-~diagnostic~-f2bcdc8b-2e4f-44b7-bc29-6b41388b3b65]: Assigning socketPath: /tmp/fire_emu_9593.sock
[debug] [2020-02-21T14:17:41.735Z] [worker-~diagnostic~-f2bcdc8b-2e4f-44b7-bc29-6b41388b3b65]: BUSY
[debug] [2020-02-21T14:17:42.364Z] [runtime-status] [9593] Functions runtime initialized. {"cwd":"/home/trinhhd/Projects/streak-stat/functions","node_version":"12.15.0"}
[debug] [2020-02-21T14:17:42.373Z] [runtime-status] [9593] Disabled runtime features: {"functions_config_helper":true,"network_filtering":true,"timeout":true,"memory_limiting":true,"admin_stubs":true,"pubsub_emulator":true}
[debug] [2020-02-21T14:17:42.377Z] [runtime-status] [9593] Resolved module firebase-admin {"declared":true,"installed":true,"version":"8.9.2","resolution":"/home/trinhhd/Projects/streak-stat/functions/node_modules/firebase-admin/lib/index.js"}
[debug] [2020-02-21T14:17:42.382Z] [runtime-status] [9593] Resolved module firebase-functions {"declared":true,"installed":true,"version":"3.3.0","resolution":"/home/trinhhd/Projects/streak-stat/functions/node_modules/firebase-functions/lib/index.js"}
[debug] [2020-02-21T14:17:42.384Z] [runtime-status] [9593] Resolved module firebase-functions {"declared":true,"installed":true,"version":"3.3.0","resolution":"/home/trinhhd/Projects/streak-stat/functions/node_modules/firebase-functions/lib/index.js"}
[info] ✔  functions[addMessage]: http function initialized (http://localhost:5000/streak-stat/us-central1/addMessage).
[debug] [2020-02-21T14:17:42.525Z] [worker-~diagnostic~-f2bcdc8b-2e4f-44b7-bc29-6b41388b3b65]: IDLE
[debug] [2020-02-21T14:17:50.556Z] [work-queue] {"queueLength":1,"workRunningCount":0}
[debug] [2020-02-21T14:17:50.557Z] [work-queue] {"queueLength":0,"workRunningCount":1}
[debug] [2020-02-21T14:17:50.558Z] Accepted request GET /streak-stat/us-central1/addMessage --> addMessage
[debug] [2020-02-21T14:17:50.579Z] [worker-pool] addWorker(addMessage)
[debug] [2020-02-21T14:17:50.580Z] [worker-pool] Adding worker with key addMessage, total=1
[debug] [2020-02-21T14:17:50.580Z] [worker-pool] submitWork(triggerId=addMessage)
[debug] [2020-02-21T14:17:50.580Z] [worker-addMessage-07e84b5e-333d-41a4-aaf3-893c17c93905]: Assigning socketPath: /tmp/fire_emu_9618.sock
[debug] [2020-02-21T14:17:50.581Z] [worker-addMessage-07e84b5e-333d-41a4-aaf3-893c17c93905]: BUSY
[debug] [2020-02-21T14:17:51.626Z] [runtime-status] [9618] Functions runtime initialized. {"cwd":"/home/trinhhd/Projects/streak-stat/functions","node_version":"12.15.0"}
[debug] [2020-02-21T14:17:51.635Z] [runtime-status] [9618] Disabled runtime features: {"functions_config_helper":true,"network_filtering":true,"timeout":true,"memory_limiting":true,"admin_stubs":true,"pubsub_emulator":true}
[debug] [2020-02-21T14:17:51.642Z] [runtime-status] [9618] Resolved module firebase-admin {"declared":true,"installed":true,"version":"8.9.2","resolution":"/home/trinhhd/Projects/streak-stat/functions/node_modules/firebase-admin/lib/index.js"}
[debug] [2020-02-21T14:17:51.648Z] [runtime-status] [9618] Resolved module firebase-functions {"declared":true,"installed":true,"version":"3.3.0","resolution":"/home/trinhhd/Projects/streak-stat/functions/node_modules/firebase-functions/lib/index.js"}
[debug] [2020-02-21T14:17:51.653Z] [runtime-status] [9618] Resolved module firebase-functions {"declared":true,"installed":true,"version":"3.3.0","resolution":"/home/trinhhd/Projects/streak-stat/functions/node_modules/firebase-functions/lib/index.js"}
[debug] [2020-02-21T14:17:51.808Z] [runtime-status] [9618] Trigger "addMessage" has been found, beginning invocation!
[info] i  functions: Beginning execution of "addMessage"
[debug] [2020-02-21T14:17:51.811Z] [runtime-status] [9618] triggerDefinition {"httpsTrigger":{},"labels":{"deployment-callable":"true"},"name":"addMessage","entryPoint":"addMessage"}
[debug] [2020-02-21T14:17:51.812Z] [runtime-status] [9618] Running addMessage in mode HTTPS
[debug] [2020-02-21T14:17:51.838Z] [runtime-status] [9618] Attempting to listen to socketPath: /tmp/fire_emu_9618.sock
[debug] [2020-02-21T14:17:51.855Z] [functions] Runtime ready! Sending request!
[debug] [2020-02-21T14:17:51.904Z] [runtime-status] [9618] Ephemeral server handling GET request
[info] >  Request has invalid method. GET
[info] >  Invalid request IncomingMessage {
[info] >    _readableState: ReadableState {
[info] >      objectMode: false,
[info] >      highWaterMark: 16384,
[info] >      buffer: BufferList { head: null, tail: null, length: 0 },
[info] >      length: 0,
[info] >      pipes: null,
[info] >      pipesCount: 0,
[info] >      flowing: null,
[info] >      ended: false,
[info] >      endEmitted: false,
[info] >      reading: false,
[info] >      sync: true,
[info] >      needReadable: false,
[info] >      emittedReadable: false,
[info] >      readableListening: false,
[info] >      resumeScheduled: false,
[info] >      paused: true,
[info] >      emitClose: true,
[info] >      autoDestroy: false,
[info] >      destroyed: false,
[info] >      defaultEncoding: 'utf8',
[info] >      awaitDrain: 0,
[info] >      readingMore: true,
[info] >      decoder: null,
[info] >      encoding: null
[info] >    },
[info] >    readable: true,
[info] >    _events: [Object: null prototype] {
[info] >      end: [Function: resetHeadersTimeoutOnReqEnd]
[info] >    },
[info] >    _eventsCount: 1,
[info] >    _maxListeners: undefined,
[info] >    socket: Socket {
[info] >      connecting: false,
[info] >      _hadError: false,
[info] >      _parent: null,
[info] >      _host: null,
[info] >      _readableState: ReadableState {
[info] >        objectMode: false,
[info] >        highWaterMark: 16384,
[info] >        buffer: BufferList { head: null, tail: null, length: 0 },
[info] >        length: 0,
[info] >        pipes: null,
[info] >        pipesCount: 0,
[info] >        flowing: true,
[info] >        ended: false,
[info] >        endEmitted: false,
[info] >        reading: true,
[info] >        sync: false,
[info] >        needReadable: true,
[info] >        emittedReadable: false,
[info] >        readableListening: false,
[info] >        resumeScheduled: false,
[info] >        paused: false,
[info] >        emitClose: false,
[info] >        autoDestroy: false,
[info] >        destroyed: false,
[info] >        defaultEncoding: 'utf8',
[info] >        awaitDrain: 0,
[info] >        readingMore: false,
[info] >        decoder: null,
[info] >        encoding: null
[info] >      },
[info] >      readable: true,
[info] >      _events: [Object: null prototype] {
[info] >        end: [Array],
[info] >        timeout: [Function: socketOnTimeout],
[info] >        data: [Function: bound socketOnData],
[info] >        error: [Function: socketOnError],
[info] >        close: [Array],
[info] >        drain: [Function: bound socketOnDrain],
[info] >        resume: [Function: onSocketResume],
[info] >        pause: [Function: onSocketPause]
[info] >      },
[info] >      _eventsCount: 8,
[info] >      _maxListeners: undefined,
[info] >      _writableState: WritableState {
[info] >        objectMode: false,
[info] >        highWaterMark: 16384,
[info] >        finalCalled: false,
[info] >        needDrain: false,
[info] >        ending: false,
[info] >        ended: false,
[info] >        finished: false,
[info] >        destroyed: false,
[info] >        decodeStrings: false,
[info] >        defaultEncoding: 'utf8',
[info] >        length: 0,
[info] >        writing: false,
[info] >        corked: 0,
[info] >        sync: true,
[info] >        bufferProcessing: false,
[info] >        onwrite: [Function: bound onwrite],
[info] >        writecb: null,
[info] >        writelen: 0,
[info] >        afterWriteTickInfo: null,
[info] >        bufferedRequest: null,
[info] >        lastBufferedRequest: null,
[info] >        pendingcb: 0,
[info] >        prefinished: false,
[info] >        errorEmitted: false,
[info] >        emitClose: false,
[info] >        autoDestroy: false,
[info] >        bufferedRequestCount: 0,
[info] >        corkedRequestsFree: [Object]
[info] >      },
[info] >      writable: true,
[info] >      allowHalfOpen: true,
[info] >      _sockname: null,
[info] >      _pendingData: null,
[info] >      _pendingEncoding: '',
[info] >      server: Server {
[info] >        insecureHTTPParser: undefined,
[info] >        _events: [Object: null prototype],
[info] >        _eventsCount: 3,
[info] >        _maxListeners: undefined,
[info] >        _connections: 1,
[info] >        _handle: [Pipe],
[info] >        _usingWorkers: false,
[info] >        _workers: [],
[info] >        _unref: false,
[info] >        allowHalfOpen: true,
[info] >        pauseOnConnect: false,
[info] >        httpAllowHalfOpen: false,
[info] >        timeout: 120000,
[info] >        keepAliveTimeout: 5000,
[info] >        maxHeadersCount: null,
[info] >        headersTimeout: 40000,
[info] >        _pipeName: '/tmp/fire_emu_9618.sock',
[info] >        _connectionKey: '-1:/tmp/fire_emu_9618.sock:-1',
[info] >        [Symbol(IncomingMessage)]: [Function: IncomingMessage],
[info] >        [Symbol(ServerResponse)]: [Function: ServerResponse],
[info] >        [Symbol(asyncId)]: 18
[info] >      },
[info] >      _server: Server {
[info] >        insecureHTTPParser: undefined,
[info] >        _events: [Object: null prototype],
[info] >        _eventsCount: 3,
[info] >        _maxListeners: undefined,
[info] >        _connections: 1,
[info] >        _handle: [Pipe],
[info] >        _usingWorkers: false,
[info] >        _workers: [],
[info] >        _unref: false,
[info] >        allowHalfOpen: true,
[info] >        pauseOnConnect: false,
[info] >        httpAllowHalfOpen: false,
[info] >        timeout: 120000,
[info] >        keepAliveTimeout: 5000,
[info] >        maxHeadersCount: null,
[info] >        headersTimeout: 40000,
[info] >        _pipeName: '/tmp/fire_emu_9618.sock',
[info] >        _connectionKey: '-1:/tmp/fire_emu_9618.sock:-1',
[info] >        [Symbol(IncomingMessage)]: [Function: IncomingMessage],
[info] >        [Symbol(ServerResponse)]: [Function: ServerResponse],
[info] >        [Symbol(asyncId)]: 18
[info] >      },
[info] >      timeout: 120000,
[info] >      parser: HTTPParser {
[info] >        '0': [Function: parserOnHeaders],
[info] >        '1': [Function: parserOnHeadersComplete],
[info] >        '2': [Function: parserOnBody],
[info] >        '3': [Function: parserOnMessageComplete],
[info] >        '4': [Function: bound onParserExecute],
[info] >        _headers: [],
[info] >        _url: '',
[info] >        socket: [Circular],
[info] >        incoming: [Circular],
[info] >        outgoing: null,
[info] >        maxHeaderPairs: 2000,
[info] >        _consumed: true,
[info] >        onIncoming: [Function: bound parserOnIncoming],
[info] >        parsingHeadersStart: 0
[info] >      },
[info] >      on: [Function: socketListenerWrap],
[info] >      addListener: [Function: socketListenerWrap],
[info] >      prependListener: [Function: socketListenerWrap],
[info] >      _paused: false,
[info] >      _httpMessage: ServerResponse {
[info] >        _events: [Object: null prototype],
[info] >        _eventsCount: 1,
[info] >        _maxListeners: undefined,
[info] >        outputData: [],
[info] >        outputSize: 0,
[info] >        writable: true,
[info] >        _last: false,
[info] >        chunkedEncoding: false,
[info] >        shouldKeepAlive: true,
[info] >        useChunkedEncodingByDefault: true,
[info] >        sendDate: true,
[info] >        _removedConnection: false,
[info] >        _removedContLen: false,
[info] >        _removedTE: false,
[info] >        _contentLength: null,
[info] >        _hasBody: true,
[info] >        _trailer: '',
[info] >        finished: false,
[info] >        _headerSent: false,
[info] >        socket: [Circular],
[info] >        connection: [Circular],
[info] >        _header: null,
[info] >        _onPendingData: [Function: bound updateOutgoingData],
[info] >        _sent100: false,
[info] >        _expect_continue: false,
[info] >        req: [Circular],
[info] >        locals: [Object: null prototype] {},
[info] >        [Symbol(kNeedDrain)]: false,
[info] >        [Symbol(isCorked)]: false,
[info] >        [Symbol(kOutHeaders)]: [Object: null prototype]
[info] >      },
[info] >      [Symbol(asyncId)]: 21,
[info] >      [Symbol(kHandle)]: Pipe {
[info] >        reading: true,
[info] >        _consumed: true,
[info] >        [Symbol(owner)]: [Circular]
[info] >      },
[info] >      [Symbol(lastWriteQueueSize)]: 0,
[info] >      [Symbol(timeout)]: Timeout {
[info] >        _idleTimeout: 120000,
[info] >        _idlePrev: [TimersList],
[info] >        _idleNext: [TimersList],
[info] >        _idleStart: 1282,
[info] >        _onTimeout: [Function: bound ],
[info] >        _timerArgs: undefined,
[info] >        _repeat: null,
[info] >        _destroyed: false,
[info] >        [Symbol(refed)]: false,
[info] >        [Symbol(asyncId)]: 22,
[info] >        [Symbol(triggerId)]: 21
[info] >      },
[info] >      [Symbol(kBuffer)]: null,
[info] >      [Symbol(kBufferCb)]: null,
[info] >      [Symbol(kBufferGen)]: null,
[info] >      [Symbol(kBytesRead)]: 0,
[info] >      [Symbol(kBytesWritten)]: 0
[info] >    },
[info] >    connection: Socket {
[info] >      connecting: false,
[info] >      _hadError: false,
[info] >      _parent: null,
[info] >      _host: null,
[info] >      _readableState: ReadableState {
[info] >        objectMode: false,
[info] >        highWaterMark: 16384,
[info] >        buffer: BufferList { head: null, tail: null, length: 0 },
[info] >        length: 0,
[info] >        pipes: null,
[info] >        pipesCount: 0,
[info] >        flowing: true,
[info] >        ended: false,
[info] >        endEmitted: false,
[info] >        reading: true,
[info] >        sync: false,
[info] >        needReadable: true,
[info] >        emittedReadable: false,
[info] >        readableListening: false,
[info] >        resumeScheduled: false,
[info] >        paused: false,
[info] >        emitClose: false,
[info] >        autoDestroy: false,
[info] >        destroyed: false,
[info] >        defaultEncoding: 'utf8',
[info] >        awaitDrain: 0,
[info] >        readingMore: false,
[info] >        decoder: null,
[info] >        encoding: null
[info] >      },
[info] >      readable: true,
[info] >      _events: [Object: null prototype] {
[info] >        end: [Array],
[info] >        timeout: [Function: socketOnTimeout],
[info] >        data: [Function: bound socketOnData],
[info] >        error: [Function: socketOnError],
[info] >        close: [Array],
[info] >        drain: [Function: bound socketOnDrain],
[info] >        resume: [Function: onSocketResume],
[info] >        pause: [Function: onSocketPause]
[info] >      },
[info] >      _eventsCount: 8,
[info] >      _maxListeners: undefined,
[info] >      _writableState: WritableState {
[info] >        objectMode: false,
[info] >        highWaterMark: 16384,
[info] >        finalCalled: false,
[info] >        needDrain: false,
[info] >        ending: false,
[info] >        ended: false,
[info] >        finished: false,
[info] >        destroyed: false,
[info] >        decodeStrings: false,
[info] >        defaultEncoding: 'utf8',
[info] >        length: 0,
[info] >        writing: false,
[info] >        corked: 0,
[info] >        sync: true,
[info] >        bufferProcessing: false,
[info] >        onwrite: [Function: bound onwrite],
[info] >        writecb: null,
[info] >        writelen: 0,
[info] >        afterWriteTickInfo: null,
[info] >        bufferedRequest: null,
[info] >        lastBufferedRequest: null,
[info] >        pendingcb: 0,
[info] >        prefinished: false,
[info] >        errorEmitted: false,
[info] >        emitClose: false,
[info] >        autoDestroy: false,
[info] >        bufferedRequestCount: 0,
[info] >        corkedRequestsFree: [Object]
[info] >      },
[info] >      writable: true,
[info] >      allowHalfOpen: true,
[info] >      _sockname: null,
[info] >      _pendingData: null,
[info] >      _pendingEncoding: '',
[info] >      server: Server {
[info] >        insecureHTTPParser: undefined,
[info] >        _events: [Object: null prototype],
[info] >        _eventsCount: 3,
[info] >        _maxListeners: undefined,
[info] >        _connections: 1,
[info] >        _handle: [Pipe],
[info] >        _usingWorkers: false,
[info] >        _workers: [],
[info] >        _unref: false,
[info] >        allowHalfOpen: true,
[info] >        pauseOnConnect: false,
[info] >        httpAllowHalfOpen: false,
[info] >        timeout: 120000,
[info] >        keepAliveTimeout: 5000,
[info] >        maxHeadersCount: null,
[info] >        headersTimeout: 40000,
[info] >        _pipeName: '/tmp/fire_emu_9618.sock',
[info] >        _connectionKey: '-1:/tmp/fire_emu_9618.sock:-1',
[info] >        [Symbol(IncomingMessage)]: [Function: IncomingMessage],
[info] >        [Symbol(ServerResponse)]: [Function: ServerResponse],
[info] >        [Symbol(asyncId)]: 18
[info] >      },
[info] >      _server: Server {
[info] >        insecureHTTPParser: undefined,
[info] >        _events: [Object: null prototype],
[info] >        _eventsCount: 3,
[info] >        _maxListeners: undefined,
[info] >        _connections: 1,
[info] >        _handle: [Pipe],
[info] >        _usingWorkers: false,
[info] >        _workers: [],
[info] >        _unref: false,
[info] >        allowHalfOpen: true,
[info] >        pauseOnConnect: false,
[info] >        httpAllowHalfOpen: false,
[info] >        timeout: 120000,
[info] >        keepAliveTimeout: 5000,
[info] >        maxHeadersCount: null,
[info] >        headersTimeout: 40000,
[info] >        _pipeName: '/tmp/fire_emu_9618.sock',
[info] >        _connectionKey: '-1:/tmp/fire_emu_9618.sock:-1',
[info] >        [Symbol(IncomingMessage)]: [Function: IncomingMessage],
[info] >        [Symbol(ServerResponse)]: [Function: ServerResponse],
[info] >        [Symbol(asyncId)]: 18
[info] >      },
[info] >      timeout: 120000,
[info] >      parser: HTTPParser {
[info] >        '0': [Function: parserOnHeaders],
[info] >        '1': [Function: parserOnHeadersComplete],
[info] >        '2': [Function: parserOnBody],
[info] >        '3': [Function: parserOnMessageComplete],
[info] >        '4': [Function: bound onParserExecute],
[info] >        _headers: [],
[info] >        _url: '',
[info] >        socket: [Circular],
[info] >        incoming: [Circular],
[info] >        outgoing: null,
[info] >        maxHeaderPairs: 2000,
[info] >        _consumed: true,
[info] >        onIncoming: [Function: bound parserOnIncoming],
[info] >        parsingHeadersStart: 0
[info] >      },
[info] >      on: [Function: socketListenerWrap],
[info] >      addListener: [Function: socketListenerWrap],
[info] >      prependListener: [Function: socketListenerWrap],
[info] >      _paused: false,
[info] >      _httpMessage: ServerResponse {
[info] >        _events: [Object: null prototype],
[info] >        _eventsCount: 1,
[info] >        _maxListeners: undefined,
[info] >        outputData: [],
[info] >        outputSize: 0,
[info] >        writable: true,
[info] >        _last: false,
[info] >        chunkedEncoding: false,
[info] >        shouldKeepAlive: true,
[info] >        useChunkedEncodingByDefault: true,
[info] >        sendDate: true,
[info] >        _removedConnection: false,
[info] >        _removedContLen: false,
[info] >        _removedTE: false,
[info] >        _contentLength: null,
[info] >        _hasBody: true,
[info] >        _trailer: '',
[info] >        finished: false,
[info] >        _headerSent: false,
[info] >        socket: [Circular],
[info] >        connection: [Circular],
[info] >        _header: null,
[info] >        _onPendingData: [Function: bound updateOutgoingData],
[info] >        _sent100: false,
[info] >        _expect_continue: false,
[info] >        req: [Circular],
[info] >        locals: [Object: null prototype] {},
[info] >        [Symbol(kNeedDrain)]: false,
[info] >        [Symbol(isCorked)]: false,
[info] >        [Symbol(kOutHeaders)]: [Object: null prototype]
[info] >      },
[info] >      [Symbol(asyncId)]: 21,
[info] >      [Symbol(kHandle)]: Pipe {
[info] >        reading: true,
[info] >        _consumed: true,
[info] >        [Symbol(owner)]: [Circular]
[info] >      },
[info] >      [Symbol(lastWriteQueueSize)]: 0,
[info] >      [Symbol(timeout)]: Timeout {
[info] >        _idleTimeout: 120000,
[info] >        _idlePrev: [TimersList],
[info] >        _idleNext: [TimersList],
[info] >        _idleStart: 1282,
[info] >        _onTimeout: [Function: bound ],
[info] >        _timerArgs: undefined,
[info] >        _repeat: null,
[info] >        _destroyed: false,
[info] >        [Symbol(refed)]: false,
[info] >        [Symbol(asyncId)]: 22,
[info] >        [Symbol(triggerId)]: 21
[info] >      },
[info] >      [Symbol(kBuffer)]: null,
[info] >      [Symbol(kBufferCb)]: null,
[info] >      [Symbol(kBufferGen)]: null,
[info] >      [Symbol(kBytesRead)]: 0,
[info] >      [Symbol(kBytesWritten)]: 0
[info] >    },
[info] >    httpVersionMajor: 1,
[info] >    httpVersionMinor: 1,
[info] >    httpVersion: '1.1',
[info] >    complete: false,
[info] >    headers: {
[info] >      host: 'localhost:5000',
[info] >      'user-agent': 'Mozilla/5.0 (X11; Ubuntu; Linux x86_64; rv:73.0) Gecko/20100101 Firefox/73.0',
[info] >      accept: 'text/html,application/xhtml+xml,application/xml;q=0.9,image/webp,*/*;q=0.8',
[info] >      'accept-language': 'en-US,en;q=0.5',
[info] >      'accept-encoding': 'gzip, deflate',
[info] >      connection: 'keep-alive',
[info] >      'upgrade-insecure-requests': '1'
[info] >    },
[info] >    rawHeaders: [
[info] >      'host',
[info] >      'localhost:5000',
[info] >      'user-agent',
[info] >      'Mozilla/5.0 (X11; Ubuntu; Linux x86_64; rv:73.0) Gecko/20100101 Firefox/73.0',
[info] >      'accept',
[info] >      'text/html,application/xhtml+xml,application/xml;q=0.9,image/webp,*/*;q=0.8',
[info] >      'accept-language',
[info] >      'en-US,en;q=0.5',
[info] >      'accept-encoding',
[info] >      'gzip, deflate',
[info] >      'connection',
[info] >      'keep-alive',
[info] >      'upgrade-insecure-requests',
[info] >      '1'
[info] >    ],
[info] >    trailers: {},
[info] >    rawTrailers: [],
[info] >    aborted: false,
[info] >    upgrade: false,
[info] >    url: '/',
[info] >    method: 'GET',
[info] >    statusCode: null,
[info] >    statusMessage: null,
[info] >    client: Socket {
[info] >      connecting: false,
[info] >      _hadError: false,
[info] >      _parent: null,
[info] >      _host: null,
[info] >      _readableState: ReadableState {
[info] >        objectMode: false,
[info] >        highWaterMark: 16384,
[info] >        buffer: BufferList { head: null, tail: null, length: 0 },
[info] >        length: 0,
[info] >        pipes: null,
[info] >        pipesCount: 0,
[info] >        flowing: true,
[info] >        ended: false,
[info] >        endEmitted: false,
[info] >        reading: true,
[info] >        sync: false,
[info] >        needReadable: true,
[info] >        emittedReadable: false,
[info] >        readableListening: false,
[info] >        resumeScheduled: false,
[info] >        paused: false,
[info] >        emitClose: false,
[info] >        autoDestroy: false,
[info] >        destroyed: false,
[info] >        defaultEncoding: 'utf8',
[info] >        awaitDrain: 0,
[info] >        readingMore: false,
[info] >        decoder: null,
[info] >        encoding: null
[info] >      },
[info] >      readable: true,
[info] >      _events: [Object: null prototype] {
[info] >        end: [Array],
[info] >        timeout: [Function: socketOnTimeout],
[info] >        data: [Function: bound socketOnData],
[info] >        error: [Function: socketOnError],
[info] >        close: [Array],
[info] >        drain: [Function: bound socketOnDrain],
[info] >        resume: [Function: onSocketResume],
[info] >        pause: [Function: onSocketPause]
[info] >      },
[info] >      _eventsCount: 8,
[info] >      _maxListeners: undefined,
[info] >      _writableState: WritableState {
[info] >        objectMode: false,
[info] >        highWaterMark: 16384,
[info] >        finalCalled: false,
[info] >        needDrain: false,
[info] >        ending: false,
[info] >        ended: false,
[info] >        finished: false,
[info] >        destroyed: false,
[info] >        decodeStrings: false,
[info] >        defaultEncoding: 'utf8',
[info] >        length: 0,
[info] >        writing: false,
[info] >        corked: 0,
[info] >        sync: true,
[info] >        bufferProcessing: false,
[info] >        onwrite: [Function: bound onwrite],
[info] >        writecb: null,
[info] >        writelen: 0,
[info] >        afterWriteTickInfo: null,
[info] >        bufferedRequest: null,
[info] >        lastBufferedRequest: null,
[info] >        pendingcb: 0,
[info] >        prefinished: false,
[info] >        errorEmitted: false,
[info] >        emitClose: false,
[info] >        autoDestroy: false,
[info] >        bufferedRequestCount: 0,
[info] >        corkedRequestsFree: [Object]
[info] >      },
[info] >      writable: true,
[info] >      allowHalfOpen: true,
[info] >      _sockname: null,
[info] >      _pendingData: null,
[info] >      _pendingEncoding: '',
[info] >      server: Server {
[info] >        insecureHTTPParser: undefined,
[info] >        _events: [Object: null prototype],
[info] >        _eventsCount: 3,
[info] >        _maxListeners: undefined,
[info] >        _connections: 1,
[info] >        _handle: [Pipe],
[info] >        _usingWorkers: false,
[info] >        _workers: [],
[info] >        _unref: false,
[info] >        allowHalfOpen: true,
[info] >        pauseOnConnect: false,
[info] >        httpAllowHalfOpen: false,
[info] >        timeout: 120000,
[info] >        keepAliveTimeout: 5000,
[info] >        maxHeadersCount: null,
[info] >        headersTimeout: 40000,
[info] >        _pipeName: '/tmp/fire_emu_9618.sock',
[info] >        _connectionKey: '-1:/tmp/fire_emu_9618.sock:-1',
[info] >        [Symbol(IncomingMessage)]: [Function: IncomingMessage],
[info] >        [Symbol(ServerResponse)]: [Function: ServerResponse],
[info] >        [Symbol(asyncId)]: 18
[info] >      },
[info] >      _server: Server {
[info] >        insecureHTTPParser: undefined,
[info] >        _events: [Object: null prototype],
[info] >        _eventsCount: 3,
[info] >        _maxListeners: undefined,
[info] >        _connections: 1,
[info] >        _handle: [Pipe],
[info] >        _usingWorkers: false,
[info] >        _workers: [],
[info] >        _unref: false,
[info] >        allowHalfOpen: true,
[info] >        pauseOnConnect: false,
[info] >        httpAllowHalfOpen: false,
[info] >        timeout: 120000,
[info] >        keepAliveTimeout: 5000,
[info] >        maxHeadersCount: null,
[info] >        headersTimeout: 40000,
[info] >        _pipeName: '/tmp/fire_emu_9618.sock',
[info] >        _connectionKey: '-1:/tmp/fire_emu_9618.sock:-1',
[info] >        [Symbol(IncomingMessage)]: [Function: IncomingMessage],
[info] >        [Symbol(ServerResponse)]: [Function: ServerResponse],
[info] >        [Symbol(asyncId)]: 18
[info] >      },
[info] >      timeout: 120000,
[info] >      parser: HTTPParser {
[info] >        '0': [Function: parserOnHeaders],
[info] >        '1': [Function: parserOnHeadersComplete],
[info] >        '2': [Function: parserOnBody],
[info] >        '3': [Function: parserOnMessageComplete],
[info] >        '4': [Function: bound onParserExecute],
[info] >        _headers: [],
[info] >        _url: '',
[info] >        socket: [Circular],
[info] >        incoming: [Circular],
[info] >        outgoing: null,
[info] >        maxHeaderPairs: 2000,
[info] >        _consumed: true,
[info] >        onIncoming: [Function: bound parserOnIncoming],
[info] >        parsingHeadersStart: 0
[info] >      },
[info] >      on: [Function: socketListenerWrap],
[info] >      addListener: [Function: socketListenerWrap],
[info] >      prependListener: [Function: socketListenerWrap],
[info] >      _paused: false,
[info] >      _httpMessage: ServerResponse {
[info] >        _events: [Object: null prototype],
[info] >        _eventsCount: 1,
[info] >        _maxListeners: undefined,
[info] >        outputData: [],
[info] >        outputSize: 0,
[info] >        writable: true,
[info] >        _last: false,
[info] >        chunkedEncoding: false,
[info] >        shouldKeepAlive: true,
[info] >        useChunkedEncodingByDefault: true,
[info] >        sendDate: true,
[info] >        _removedConnection: false,
[info] >        _removedContLen: false,
[info] >        _removedTE: false,
[info] >        _contentLength: null,
[info] >        _hasBody: true,
[info] >        _trailer: '',
[info] >        finished: false,
[info] >        _headerSent: false,
[info] >        socket: [Circular],
[info] >        connection: [Circular],
[info] >        _header: null,
[info] >        _onPendingData: [Function: bound updateOutgoingData],
[info] >        _sent100: false,
[info] >        _expect_continue: false,
[info] >        req: [Circular],
[info] >        locals: [Object: null prototype] {},
[info] >        [Symbol(kNeedDrain)]: false,
[info] >        [Symbol(isCorked)]: false,
[info] >        [Symbol(kOutHeaders)]: [Object: null prototype]
[info] >      },
[info] >      [Symbol(asyncId)]: 21,
[info] >      [Symbol(kHandle)]: Pipe {
[info] >        reading: true,
[info] >        _consumed: true,
[info] >        [Symbol(owner)]: [Circular]
[info] >      },
[info] >      [Symbol(lastWriteQueueSize)]: 0,
[info] >      [Symbol(timeout)]: Timeout {
[info] >        _idleTimeout: 120000,
[info] >        _idlePrev: [TimersList],
[info] >        _idleNext: [TimersList],
[info] >        _idleStart: 1282,
[info] >        _onTimeout: [Function: bound ],
[info] >        _timerArgs: undefined,
[info] >        _repeat: null,
[info] >        _destroyed: false,
[info] >        [Symbol(refed)]: false,
[info] >        [Symbol(asyncId)]: 22,
[info] >        [Symbol(triggerId)]: 21
[info] >      },
[info] >      [Symbol(kBuffer)]: null,
[info] >      [Symbol(kBufferCb)]: null,
[info] >      [Symbol(kBufferGen)]: null,
[info] >      [Symbol(kBytesRead)]: 0,
[info] >      [Symbol(kBytesWritten)]: 0
[info] >    },
[info] >    _consuming: false,
[info] >    _dumped: false,
[info] >    next: [Function: next],
[info] >    baseUrl: '/streak-stat/us-central1/addMessage',
[info] >    originalUrl: '/streak-stat/us-central1/addMessage',
[info] >    _parsedUrl: Url {
[info] >      protocol: null,
[info] >      slashes: null,
[info] >      auth: null,
[info] >      host: null,
[info] >      port: null,
[info] >      hostname: null,
[info] >      hash: null,
[info] >      search: null,
[info] >      query: null,
[info] >      pathname: '/',
[info] >      path: '/',
[info] >      href: '/',
[info] >      _raw: '/'
[info] >    },
[info] >    params: { '0': '/' },
[info] >    query: {},
[info] >    res: ServerResponse {
[info] >      _events: [Object: null prototype] { finish: [Array] },
[info] >      _eventsCount: 1,
[info] >      _maxListeners: undefined,
[info] >      outputData: [],
[info] >      outputSize: 0,
[info] >      writable: true,
[info] >      _last: false,
[info] >      chunkedEncoding: false,
[info] >      shouldKeepAlive: true,
[info] >      useChunkedEncodingByDefault: true,
[info] >      sendDate: true,
[info] >      _removedConnection: false,
[info] >      _removedContLen: false,
[info] >      _removedTE: false,
[info] >      _contentLength: null,
[info] >      _hasBody: true,
[info] >      _trailer: '',
[info] >      finished: false,
[info] >      _headerSent: false,
[info] >      socket: Socket {
[info] >        connecting: false,
[info] >        _hadError: false,
[info] >        _parent: null,
[info] >        _host: null,
[info] >        _readableState: [ReadableState],
[info] >        readable: true,
[info] >        _events: [Object: null prototype],
[info] >        _eventsCount: 8,
[info] >        _maxListeners: undefined,
[info] >        _writableState: [WritableState],
[info] >        writable: true,
[info] >        allowHalfOpen: true,
[info] >        _sockname: null,
[info] >        _pendingData: null,
[info] >        _pendingEncoding: '',
[info] >        server: [Server],
[info] >        _server: [Server],
[info] >        timeout: 120000,
[info] >        parser: [HTTPParser],
[info] >        on: [Function: socketListenerWrap],
[info] >        addListener: [Function: socketListenerWrap],
[info] >        prependListener: [Function: socketListenerWrap],
[info] >        _paused: false,
[info] >        _httpMessage: [Circular],
[info] >        [Symbol(asyncId)]: 21,
[info] >        [Symbol(kHandle)]: [Pipe],
[info] >        [Symbol(lastWriteQueueSize)]: 0,
[info] >        [Symbol(timeout)]: Timeout {
[info] >          _idleTimeout: 120000,
[info] >          _idlePrev: [TimersList],
[info] >          _idleNext: [TimersList],
[info] >          _idleStart: 1282,
[info] >          _onTimeout: [Function: bound ],
[info] >          _timerArgs: undefined,
[info] >          _repeat: null,
[info] >          _destroyed: false,
[info] >          [Symbol(refed)]: false,
[info] >          [Symbol(asyncId)]: 22,
[info] >          [Symbol(triggerId)]: 21
[info] >        },
[info] >        [Symbol(kBuffer)]: null,
[info] >        [Symbol(kBufferCb)]: null,
[info] >        [Symbol(kBufferGen)]: null,
[info] >        [Symbol(kBytesRead)]: 0,
[info] >        [Symbol(kBytesWritten)]: 0
[info] >      },
[info] >      connection: Socket {
[info] >        connecting: false,
[info] >        _hadError: false,
[info] >        _parent: null,
[info] >        _host: null,
[info] >        _readableState: [ReadableState],
[info] >        readable: true,
[info] >        _events: [Object: null prototype],
[info] >        _eventsCount: 8,
[info] >        _maxListeners: undefined,
[info] >        _writableState: [WritableState],
[info] >        writable: true,
[info] >        allowHalfOpen: true,
[info] >        _sockname: null,
[info] >        _pendingData: null,
[info] >        _pendingEncoding: '',
[info] >        server: [Server],
[info] >        _server: [Server],
[info] >        timeout: 120000,
[info] >        parser: [HTTPParser],
[info] >        on: [Function: socketListenerWrap],
[info] >        addListener: [Function: socketListenerWrap],
[info] >        prependListener: [Function: socketListenerWrap],
[info] >        _paused: false,
[info] >        _httpMessage: [Circular],
[info] >        [Symbol(asyncId)]: 21,
[info] >        [Symbol(kHandle)]: [Pipe],
[info] >        [Symbol(lastWriteQueueSize)]: 0,
[info] >        [Symbol(timeout)]: Timeout {
[info] >          _idleTimeout: 120000,
[info] >          _idlePrev: [TimersList],
[info] >          _idleNext: [TimersList],
[info] >          _idleStart: 1282,
[info] >          _onTimeout: [Function: bound ],
[info] >          _timerArgs: undefined,
[info] >          _repeat: null,
[info] >          _destroyed: false,
[info] >          [Symbol(refed)]: false,
[info] >          [Symbol(asyncId)]: 22,
[info] >          [Symbol(triggerId)]: 21
[info] >        },
[info] >        [Symbol(kBuffer)]: null,
[info] >        [Symbol(kBufferCb)]: null,
[info] >        [Symbol(kBufferGen)]: null,
[info] >        [Symbol(kBytesRead)]: 0,
[info] >        [Symbol(kBytesWritten)]: 0
[info] >      },
[info] >      _header: null,
[info] >      _onPendingData: [Function: bound updateOutgoingData],
[info] >      _sent100: false,
[info] >      _expect_continue: false,
[info] >      req: [Circular],
[info] >      locals: [Object: null prototype] {},
[info] >      [Symbol(kNeedDrain)]: false,
[info] >      [Symbol(isCorked)]: false,
[info] >      [Symbol(kOutHeaders)]: [Object: null prototype] { 'x-powered-by': [Array], vary: [Array] }
[info] >    },
[info] >    body: {},
[info] >    route: Route { path: '*', stack: [ [Layer] ], methods: { _all: true } }
[info] >  }
[debug] [2020-02-21T14:17:52.328Z] [runtime-status] [9618] Ephemeral server survived.
[info] i  functions: Finished "addMessage" in ~1s
[debug] [2020-02-21T14:17:52.329Z] [worker-addMessage-07e84b5e-333d-41a4-aaf3-893c17c93905]: IDLE
[debug] [2020-02-21T14:17:52.330Z] [work-queue] {"queueLength":0,"workRunningCount":0}
